{"level":"info","message":"WebSocket server started on port 3001","timestamp":"2024-11-01T13:43:36.143Z"}
{"level":"error","message":"Uncaught Exception at uncaughtException: Error: listen EADDRINUSE: address already in use :::3001","timestamp":"2024-11-01T13:43:36.146Z"}
{"level":"info","message":"WebSocket server started on port 3001","timestamp":"2024-11-01T13:44:28.933Z"}
{"level":"info","message":"Server is running on port 3001","timestamp":"2024-11-01T13:44:28.936Z"}
{"level":"info","message":"WebSocket server started on port 3001","timestamp":"2024-11-01T13:45:47.157Z"}
{"level":"info","message":"Server is running on port 3001","timestamp":"2024-11-01T13:45:47.166Z"}
{"level":"info","message":"WebSocket server started on port 3001","timestamp":"2024-11-01T13:51:07.335Z"}
{"level":"info","message":"Server is running on port 3001","timestamp":"2024-11-01T13:51:07.338Z"}
{"level":"info","message":"WebSocket server started on port 3001","timestamp":"2024-11-01T14:41:37.514Z"}
{"level":"info","message":"Server is running on port 3001","timestamp":"2024-11-01T14:41:37.518Z"}
{"level":"info","message":"WebSocket server started on port 3001","timestamp":"2024-11-01T14:45:17.598Z"}
{"level":"info","message":"Server is running on port 3001","timestamp":"2024-11-01T14:45:17.636Z"}
{"level":"info","message":"WebSocket server started on port 3001","timestamp":"2024-11-01T14:46:13.541Z"}
{"level":"info","message":"Server is running on port 3001","timestamp":"2024-11-01T14:46:13.544Z"}
{"level":"info","message":"WebSocket server started on port 3001","timestamp":"2024-11-01T14:46:42.153Z"}
{"level":"info","message":"Server is running on port 3001","timestamp":"2024-11-01T14:46:42.161Z"}
{"level":"error","message":"Failed to handle message: SqliteError: no such table: chats","timestamp":"2024-11-01T16:41:37.057Z"}
{"level":"error","message":"Unhandled Rejection at: [object Promise], reason: SqliteError: no such table: messages","timestamp":"2024-11-01T16:41:38.760Z"}
{"level":"error","message":"Failed to handle message: SqliteError: no such table: chats","timestamp":"2024-11-01T16:41:48.142Z"}
{"level":"error","message":"Unhandled Rejection at: [object Promise], reason: SqliteError: no such table: messages","timestamp":"2024-11-01T16:41:50.105Z"}
{"level":"error","message":"Error in getting chats: no such table: chats","timestamp":"2024-11-01T16:44:38.367Z"}
{"level":"error","message":"Error in getting chats: no such table: chats","timestamp":"2024-11-01T16:44:38.381Z"}
{"level":"error","message":"Error in getting chats: no such table: chats","timestamp":"2024-11-01T16:48:15.985Z"}
{"level":"error","message":"Error in getting chats: no such table: chats","timestamp":"2024-11-01T16:48:16.180Z"}
{"level":"error","message":"Error in getting chats: no such table: chats","timestamp":"2024-11-01T16:48:35.206Z"}
{"level":"error","message":"Error in getting chats: no such table: chats","timestamp":"2024-11-01T16:48:35.320Z"}
{"level":"error","message":"Error in getting chats: no such table: chats","timestamp":"2024-11-01T16:48:55.869Z"}
{"level":"error","message":"Error in getting chats: no such table: chats","timestamp":"2024-11-01T16:48:55.890Z"}
{"level":"error","message":"Error in getting chats: no such table: chats","timestamp":"2024-11-01T16:50:09.801Z"}
{"level":"error","message":"Error in getting chats: no such table: chats","timestamp":"2024-11-01T16:50:10.142Z"}
{"level":"error","message":"Error in discover route: ","timestamp":"2024-11-01T16:50:24.362Z"}
{"level":"error","message":"Error in discover route: ","timestamp":"2024-11-01T16:50:24.403Z"}
{"level":"error","message":"Error in discover route: ","timestamp":"2024-11-01T16:57:16.654Z"}
{"level":"error","message":"Error in discover route: ","timestamp":"2024-11-01T16:57:16.684Z"}
{"level":"error","message":"Failed to handle message: SqliteError: no such table: chats","timestamp":"2024-11-01T16:58:03.908Z"}
{"level":"error","message":"Unhandled Rejection at: [object Promise], reason: SqliteError: no such table: messages","timestamp":"2024-11-01T16:58:05.622Z"}
{"level":"error","message":"Failed to handle message: SqliteError: no such table: chats","timestamp":"2024-11-01T16:58:57.304Z"}
{"level":"error","message":"Unhandled Rejection at: [object Promise], reason: AggregateError","timestamp":"2024-11-01T16:58:58.050Z"}
{"level":"error","message":"Error in image search: ","timestamp":"2024-11-01T16:59:09.357Z"}
{"level":"error","message":"Failed to handle message: SqliteError: no such table: chats","timestamp":"2024-11-01T16:59:25.042Z"}
{"level":"error","message":"Unhandled Rejection at: [object Promise], reason: SqliteError: no such table: messages","timestamp":"2024-11-01T16:59:26.590Z"}
{"level":"error","message":"Error in getting chats: no such table: chats","timestamp":"2024-11-01T16:59:42.896Z"}
{"level":"error","message":"Error in getting chats: no such table: chats","timestamp":"2024-11-01T16:59:42.901Z"}
{"level":"error","message":"Error in getting chats: no such table: chats","timestamp":"2024-11-01T17:00:35.158Z"}
{"level":"error","message":"Error in getting chats: no such table: chats","timestamp":"2024-11-01T17:00:35.230Z"}
{"level":"error","message":"Error in getting chats: no such table: chats","timestamp":"2024-11-01T17:01:20.674Z"}
{"level":"error","message":"Error in getting chats: no such table: chats","timestamp":"2024-11-01T17:01:20.679Z"}
{"level":"error","message":"Failed to handle message: SqliteError: no such table: chats","timestamp":"2024-11-01T17:39:27.022Z"}
{"level":"error","message":"Unhandled Rejection at: [object Promise], reason: SqliteError: no such table: messages","timestamp":"2024-11-01T17:39:28.628Z"}
{"level":"error","message":"Error in image search: ","timestamp":"2024-11-01T17:39:35.088Z"}
{"level":"error","message":"Error in video search: ","timestamp":"2024-11-01T17:39:37.447Z"}
{"level":"error","message":"Error in getting chats: no such table: chats","timestamp":"2024-11-01T17:39:44.507Z"}
{"level":"error","message":"Error in getting chats: no such table: chats","timestamp":"2024-11-01T17:39:44.509Z"}
{"level":"error","message":"Failed to handle message: SqliteError: no such table: chats","timestamp":"2024-11-01T18:46:51.273Z"}
{"level":"error","message":"Unhandled Rejection at: [object Promise], reason: SqliteError: no such table: messages","timestamp":"2024-11-01T18:46:52.828Z"}
{"level":"error","message":"Failed to handle message: SqliteError: no such table: chats","timestamp":"2024-11-01T18:47:06.526Z"}
{"level":"error","message":"Unhandled Rejection at: [object Promise], reason: SqliteError: no such table: messages","timestamp":"2024-11-01T18:47:08.065Z"}
{"level":"error","message":"Failed to handle message: SqliteError: no such table: chats","timestamp":"2024-11-01T18:47:17.623Z"}
{"level":"error","message":"Unhandled Rejection at: [object Promise], reason: SqliteError: no such table: messages","timestamp":"2024-11-01T18:47:19.111Z"}
{"level":"error","message":"Failed to handle message: SqliteError: no such table: chats","timestamp":"2024-11-01T18:50:05.818Z"}
{"level":"error","message":"Unhandled Rejection at: [object Promise], reason: SqliteError: no such table: messages","timestamp":"2024-11-01T18:50:07.222Z"}
{"level":"error","message":"Failed to handle message: SqliteError: no such table: chats","timestamp":"2024-11-01T18:50:16.690Z"}
{"level":"error","message":"Unhandled Rejection at: [object Promise], reason: SqliteError: no such table: messages","timestamp":"2024-11-01T18:50:18.206Z"}
{"level":"error","message":"Error in getting chats: no such table: chats","timestamp":"2024-11-01T18:51:48.781Z"}
{"level":"error","message":"Error in getting chats: no such table: chats","timestamp":"2024-11-01T18:51:48.786Z"}
{"level":"error","message":"Error in discover route: ","timestamp":"2024-11-01T18:51:56.614Z"}
{"level":"info","message":"WebSocket server started on port 3001","timestamp":"2024-11-02T02:24:06.903Z"}
{"level":"info","message":"Server is running on port 3001","timestamp":"2024-11-02T02:24:06.906Z"}
{"level":"info","message":"WebSocket server started on port 3001","timestamp":"2024-11-02T03:39:35.693Z"}
{"level":"info","message":"Server is running on port 3001","timestamp":"2024-11-02T03:39:35.697Z"}
{"level":"info","message":"WebSocket server started on port 3001","timestamp":"2024-11-02T03:40:06.728Z"}
{"level":"info","message":"Server is running on port 3001","timestamp":"2024-11-02T03:40:06.731Z"}
{"level":"error","message":"Error in discover route: ","timestamp":"2024-11-02T03:43:14.088Z"}
{"level":"info","message":"WebSocket server started on port 3001","timestamp":"2024-11-02T05:14:00.375Z"}
{"level":"info","message":"Server is running on port 3001","timestamp":"2024-11-02T05:14:00.384Z"}
{"level":"info","message":"WebSocket server started on port 3001","timestamp":"2024-11-02T05:14:27.516Z"}
{"level":"info","message":"Server is running on port 3001","timestamp":"2024-11-02T05:14:27.518Z"}
{"level":"info","message":"WebSocket server started on port 3001","timestamp":"2024-11-02T05:14:48.465Z"}
{"level":"info","message":"Server is running on port 3001","timestamp":"2024-11-02T05:14:48.468Z"}
{"level":"info","message":"WebSocket server started on port 3001","timestamp":"2024-11-02T05:15:18.746Z"}
{"level":"info","message":"Server is running on port 3001","timestamp":"2024-11-02T05:15:18.752Z"}
{"level":"info","message":"WebSocket server started on port 3001","timestamp":"2024-11-02T05:16:34.491Z"}
{"level":"info","message":"Server is running on port 3001","timestamp":"2024-11-02T05:16:34.494Z"}
{"level":"info","message":"WebSocket server started on port 3001","timestamp":"2024-11-02T05:17:23.208Z"}
{"level":"info","message":"Server is running on port 3001","timestamp":"2024-11-02T05:17:23.211Z"}
{"level":"info","message":"WebSocket server started on port 3001","timestamp":"2024-11-02T05:22:15.820Z"}
{"level":"info","message":"Server is running on port 3001","timestamp":"2024-11-02T05:22:15.825Z"}
{"level":"info","message":"WebSocket server started on port 3001","timestamp":"2024-11-02T05:22:33.727Z"}
{"level":"info","message":"Server is running on port 3001","timestamp":"2024-11-02T05:22:33.730Z"}
{"level":"info","message":"WebSocket server started on port 3001","timestamp":"2024-11-02T05:22:54.916Z"}
{"level":"info","message":"Server is running on port 3001","timestamp":"2024-11-02T05:22:54.919Z"}
{"level":"info","message":"WebSocket server started on port 3001","timestamp":"2024-11-02T05:23:05.805Z"}
{"level":"info","message":"Server is running on port 3001","timestamp":"2024-11-02T05:23:05.810Z"}
{"level":"info","message":"WebSocket server started on port 3001","timestamp":"2024-11-02T05:23:35.346Z"}
{"level":"info","message":"Server is running on port 3001","timestamp":"2024-11-02T05:23:35.348Z"}
{"level":"info","message":"WebSocket server started on port 3001","timestamp":"2024-11-02T05:35:21.121Z"}
{"level":"info","message":"Server is running on port 3001","timestamp":"2024-11-02T05:35:21.124Z"}
{"level":"info","message":"WebSocket server started on port 3001","timestamp":"2024-11-02T05:35:35.449Z"}
{"level":"info","message":"Server is running on port 3001","timestamp":"2024-11-02T05:35:35.451Z"}
{"level":"error","message":"Failed to handle message: SqliteError: no such table: chats","timestamp":"2024-11-02T05:42:29.692Z"}
{"level":"error","message":"Unhandled Rejection at: [object Promise], reason: SqliteError: no such table: messages","timestamp":"2024-11-02T05:42:30.864Z"}
{"level":"info","message":"WebSocket server started on port 3001","timestamp":"2024-11-02T16:57:03.000Z"}
{"level":"info","message":"Server is running on port 3001","timestamp":"2024-11-02T16:57:03.003Z"}
{"level":"info","message":"WebSocket server started on port 3001","timestamp":"2024-11-02T17:07:17.107Z"}
{"level":"info","message":"Server is running on port 3001","timestamp":"2024-11-02T17:07:17.111Z"}
{"level":"error","message":"Failed to handle message: SqliteError: no such table: chats","timestamp":"2024-11-02T17:15:48.843Z"}
{"level":"error","message":"Unhandled Rejection at: [object Promise], reason: SqliteError: no such table: messages","timestamp":"2024-11-02T17:15:50.411Z"}
{"level":"info","message":"WebSocket server started on port 3001","timestamp":"2024-11-02T17:20:08.170Z"}
{"level":"info","message":"Server is running on port 3001","timestamp":"2024-11-02T17:20:08.174Z"}
{"level":"error","message":"Error in getting chats: no such table: chats","timestamp":"2024-11-02T17:21:14.406Z"}
{"level":"error","message":"Error in getting chats: no such table: chats","timestamp":"2024-11-02T17:21:14.413Z"}
{"level":"info","message":"WebSocket server started on port 3001","timestamp":"2024-11-02T17:32:09.043Z"}
{"level":"info","message":"Server is running on port 3001","timestamp":"2024-11-02T17:32:09.046Z"}
{"level":"info","message":"WebSocket server started on port 3001","timestamp":"2024-11-02T17:33:59.833Z"}
{"level":"info","message":"Server is running on port 3001","timestamp":"2024-11-02T17:33:59.837Z"}
{"level":"info","message":"WebSocket server started on port 3001","timestamp":"2024-11-02T17:34:21.668Z"}
{"level":"info","message":"Server is running on port 3001","timestamp":"2024-11-02T17:34:21.672Z"}
{"level":"info","message":"WebSocket server started on port 3001","timestamp":"2024-11-02T18:07:33.257Z"}
{"level":"info","message":"Server is running on port 3001","timestamp":"2024-11-02T18:07:33.260Z"}
{"level":"error","message":"Failed to handle message: SqliteError: no such table: chats","timestamp":"2024-11-02T18:10:20.248Z"}
{"level":"error","message":"Unhandled Rejection at: [object Promise], reason: SqliteError: no such table: messages","timestamp":"2024-11-02T18:10:22.371Z"}
{"level":"error","message":"Failed to handle message: SqliteError: no such table: chats","timestamp":"2024-11-02T18:11:20.462Z"}
{"level":"error","message":"Unhandled Rejection at: [object Promise], reason: AggregateError","timestamp":"2024-11-02T18:11:21.250Z"}
{"level":"error","message":"Failed to handle message: SqliteError: no such table: chats","timestamp":"2024-11-02T18:11:41.802Z"}
{"level":"error","message":"Unhandled Rejection at: [object Promise], reason: SqliteError: no such table: messages","timestamp":"2024-11-02T18:11:42.530Z"}
{"level":"info","message":"WebSocket server started on port 3001","timestamp":"2024-11-02T18:15:07.195Z"}
{"level":"info","message":"Server is running on port 3001","timestamp":"2024-11-02T18:15:07.198Z"}
{"level":"error","message":"Failed to handle message: SqliteError: no such table: chats","timestamp":"2024-11-02T18:31:09.194Z"}
{"level":"error","message":"Unhandled Rejection at: [object Promise], reason: SqliteError: no such table: messages","timestamp":"2024-11-02T18:31:10.996Z"}
{"level":"info","message":"WebSocket server started on port 3001","timestamp":"2024-11-02T18:35:34.425Z"}
{"level":"info","message":"Server is running on port 3001","timestamp":"2024-11-02T18:35:34.435Z"}
{"level":"error","message":"Failed to handle message: no such table: chats","timestamp":"2024-11-02T18:47:27.282Z"}
{"level":"error","message":"Unhandled Rejection at: [object Promise], reason: SqliteError: no such table: messages","timestamp":"2024-11-02T18:47:30.210Z"}
{"level":"info","message":"WebSocket server started on port 3001","timestamp":"2024-11-03T06:04:49.893Z"}
{"level":"info","message":"Server is running on port 3001","timestamp":"2024-11-03T06:04:49.896Z"}
{"level":"error","message":"Error in discover route: ","timestamp":"2024-11-03T06:06:57.672Z"}
{"level":"error","message":"Error in discover route: ","timestamp":"2024-11-03T06:06:57.744Z"}
{"level":"error","message":"Error in discover route: ","timestamp":"2024-11-03T06:07:04.395Z"}
{"level":"error","message":"Error in discover route: ","timestamp":"2024-11-03T06:07:04.465Z"}
{"level":"error","message":"Error in getting chats: no such table: chats","timestamp":"2024-11-03T06:07:08.932Z"}
{"level":"error","message":"Error in getting chats: no such table: chats","timestamp":"2024-11-03T06:07:09.225Z"}
{"level":"error","message":"Error in getting chats: no such table: chats","timestamp":"2024-11-03T06:07:17.482Z"}
{"level":"error","message":"Error in getting chats: no such table: chats","timestamp":"2024-11-03T06:07:17.513Z"}
{"level":"error","message":"Failed to handle message: SqliteError: no such table: chats","timestamp":"2024-11-03T06:08:30.087Z"}
{"level":"error","message":"Unhandled Rejection at: [object Promise], reason: SqliteError: no such table: messages","timestamp":"2024-11-03T06:08:31.850Z"}
{"level":"info","message":"WebSocket server started on port 3001","timestamp":"2024-11-03T06:20:20.589Z"}
{"level":"info","message":"Server is running on port 3001","timestamp":"2024-11-03T06:20:20.592Z"}
{"level":"info","message":"WebSocket server started on port 3001","timestamp":"2024-11-03T06:21:04.250Z"}
{"level":"info","message":"Server is running on port 3001","timestamp":"2024-11-03T06:21:04.252Z"}
{"level":"info","message":"WebSocket server started on port 3001","timestamp":"2024-11-03T06:45:58.806Z"}
{"level":"info","message":"Server is running on port 3001","timestamp":"2024-11-03T06:45:58.808Z"}
{"level":"info","message":"WebSocket server started on port 3001","timestamp":"2024-11-03T06:46:24.332Z"}
{"level":"info","message":"Server is running on port 3001","timestamp":"2024-11-03T06:46:24.335Z"}
{"level":"info","message":"WebSocket server started on port 3001","timestamp":"2024-11-03T15:07:43.102Z"}
{"level":"error","message":"Uncaught Exception at uncaughtException: Error: listen EADDRINUSE: address already in use :::3001","timestamp":"2024-11-03T15:07:43.106Z"}
{"level":"info","message":"WebSocket server started on port 3001","timestamp":"2024-11-03T15:35:38.772Z"}
{"level":"info","message":"Server is running on port 3001","timestamp":"2024-11-03T15:35:38.778Z"}
{"level":"error","message":"Failed to handle message: SqliteError: no such table: chats","timestamp":"2024-11-03T15:38:50.090Z"}
{"level":"error","message":"Unhandled Rejection at: [object Promise], reason: SqliteError: no such table: messages","timestamp":"2024-11-03T15:38:54.911Z"}
{"level":"error","message":"Failed to handle message: SqliteError: no such table: chats","timestamp":"2024-11-03T15:44:14.821Z"}
{"level":"error","message":"Unhandled Rejection at: [object Promise], reason: SqliteError: no such table: messages","timestamp":"2024-11-03T15:44:18.489Z"}
{"level":"error","message":"Failed to handle message: SqliteError: no such table: chats","timestamp":"2024-11-03T15:44:28.221Z"}
{"level":"error","message":"Unhandled Rejection at: [object Promise], reason: AggregateError","timestamp":"2024-11-03T15:44:30.701Z"}
{"level":"error","message":"Error in getting chats: no such table: chats","timestamp":"2024-11-03T15:44:49.465Z"}
{"level":"error","message":"Error in getting chats: no such table: chats","timestamp":"2024-11-03T15:44:49.472Z"}
{"level":"error","message":"Failed to handle message: SqliteError: no such table: chats","timestamp":"2024-11-03T15:51:38.423Z"}
{"level":"error","message":"Unhandled Rejection at: [object Promise], reason: AggregateError","timestamp":"2024-11-03T15:51:40.974Z"}
{"level":"error","message":"Failed to handle message: SqliteError: no such table: chats","timestamp":"2024-11-03T15:52:23.731Z"}
{"level":"error","message":"Unhandled Rejection at: [object Promise], reason: SqliteError: no such table: messages","timestamp":"2024-11-03T15:52:26.273Z"}
{"level":"info","message":"WebSocket server started on port 3001","timestamp":"2024-11-03T16:31:01.076Z"}
{"level":"info","message":"Server is running on port 3001","timestamp":"2024-11-03T16:31:01.086Z"}
{"level":"error","message":"Failed to handle message: SqliteError: no such table: chats","timestamp":"2024-11-03T16:55:24.654Z"}
{"level":"error","message":"Unhandled Rejection at: [object Promise], reason: SqliteError: no such table: messages","timestamp":"2024-11-03T16:55:26.330Z"}
{"level":"error","message":"Error in image search: Cannot read properties of undefined (reading 'map')","timestamp":"2024-11-03T16:55:28.335Z"}
{"level":"error","message":"Error in video search: Cannot read properties of undefined (reading 'map')","timestamp":"2024-11-03T16:55:29.355Z"}
{"level":"error","message":"Failed to handle message: SqliteError: no such table: chats","timestamp":"2024-11-03T16:55:44.031Z"}
{"level":"error","message":"Unhandled Rejection at: [object Promise], reason: SqliteError: no such table: messages","timestamp":"2024-11-03T16:55:53.175Z"}
{"level":"error","message":"Error in generating suggestions: Cannot read properties of undefined (reading 'map')","timestamp":"2024-11-03T16:55:53.199Z"}
{"level":"error","message":"Error in image search: Cannot read properties of undefined (reading 'map')","timestamp":"2024-11-03T16:56:13.051Z"}
{"level":"error","message":"Error in video search: Cannot read properties of undefined (reading 'map')","timestamp":"2024-11-03T16:56:13.887Z"}
{"level":"error","message":"Failed to handle message: SqliteError: no such table: chats","timestamp":"2024-11-03T17:02:04.480Z"}
{"level":"error","message":"Unhandled Rejection at: [object Promise], reason: SqliteError: no such table: messages","timestamp":"2024-11-03T17:02:11.222Z"}
{"level":"error","message":"Error in generating suggestions: Cannot read properties of undefined (reading 'map')","timestamp":"2024-11-03T17:02:11.242Z"}
{"level":"error","message":"Error in image search: Cannot read properties of undefined (reading 'map')","timestamp":"2024-11-03T17:02:15.686Z"}
{"level":"error","message":"Error in video search: Cannot read properties of undefined (reading 'map')","timestamp":"2024-11-03T17:02:16.452Z"}
{"level":"error","message":"Failed to handle message: SqliteError: no such table: chats","timestamp":"2024-11-03T17:03:12.515Z"}
{"level":"error","message":"Error in image search: Cannot read properties of undefined (reading 'map')","timestamp":"2024-11-03T17:03:18.602Z"}
{"level":"error","message":"Unhandled Rejection at: [object Promise], reason: SqliteError: no such table: messages","timestamp":"2024-11-03T17:03:19.713Z"}
{"level":"error","message":"Error in generating suggestions: Cannot read properties of undefined (reading 'map')","timestamp":"2024-11-03T17:03:19.735Z"}
{"level":"error","message":"Error in video search: Cannot read properties of undefined (reading 'map')","timestamp":"2024-11-03T17:03:22.995Z"}
{"level":"error","message":"Failed to handle message: SqliteError: no such table: chats","timestamp":"2024-11-03T17:04:20.527Z"}
{"level":"error","message":"Unhandled Rejection at: [object Promise], reason: SqliteError: no such table: messages","timestamp":"2024-11-03T17:04:26.810Z"}
{"level":"error","message":"Error in generating suggestions: Cannot read properties of undefined (reading 'map')","timestamp":"2024-11-03T17:04:26.837Z"}
{"level":"error","message":"Error in image search: Cannot read properties of undefined (reading 'map')","timestamp":"2024-11-03T17:04:28.394Z"}
{"level":"error","message":"Error in video search: Cannot read properties of undefined (reading 'map')","timestamp":"2024-11-03T17:04:29.175Z"}
{"level":"error","message":"Failed to handle message: SqliteError: no such table: chats","timestamp":"2024-11-03T17:07:04.229Z"}
{"level":"error","message":"Unhandled Rejection at: [object Promise], reason: SqliteError: no such table: messages","timestamp":"2024-11-03T17:07:13.603Z"}
{"level":"error","message":"Error in generating suggestions: Cannot read properties of undefined (reading 'map')","timestamp":"2024-11-03T17:07:13.638Z"}
{"level":"error","message":"Error in image search: Cannot read properties of undefined (reading 'map')","timestamp":"2024-11-03T17:07:26.100Z"}
{"level":"error","message":"Failed to handle message: SqliteError: no such table: chats","timestamp":"2024-11-03T17:14:14.482Z"}
{"level":"error","message":"Unhandled Rejection at: [object Promise], reason: SqliteError: no such table: messages","timestamp":"2024-11-03T17:14:16.046Z"}
{"level":"error","message":"Failed to handle message: SqliteError: no such table: chats","timestamp":"2024-11-03T17:14:26.243Z"}
{"level":"error","message":"Unhandled Rejection at: [object Promise], reason: SqliteError: no such table: messages","timestamp":"2024-11-03T17:14:32.077Z"}
{"level":"error","message":"Error in generating suggestions: Cannot read properties of undefined (reading 'map')","timestamp":"2024-11-03T17:14:32.106Z"}
{"level":"error","message":"Error in image search: Cannot read properties of undefined (reading 'map')","timestamp":"2024-11-03T17:14:34.668Z"}
{"level":"error","message":"Error in video search: Cannot read properties of undefined (reading 'map')","timestamp":"2024-11-03T17:14:35.418Z"}
{"level":"error","message":"Error in video search: Cannot read properties of undefined (reading 'map')","timestamp":"2024-11-03T18:10:18.133Z"}
{"level":"error","message":"Error in video search: Cannot read properties of undefined (reading 'map')","timestamp":"2024-11-03T18:10:18.899Z"}
{"level":"error","message":"Error in video search: Cannot read properties of undefined (reading 'map')","timestamp":"2024-11-03T18:10:19.866Z"}
{"level":"error","message":"Error in video search: Cannot read properties of undefined (reading 'map')","timestamp":"2024-11-03T18:10:20.347Z"}
{"level":"error","message":"Error in video search: Cannot read properties of undefined (reading 'map')","timestamp":"2024-11-03T18:10:20.585Z"}
{"level":"error","message":"Error in video search: Cannot read properties of undefined (reading 'map')","timestamp":"2024-11-03T18:10:20.779Z"}
{"level":"error","message":"Error in video search: Cannot read properties of undefined (reading 'map')","timestamp":"2024-11-03T18:10:21.002Z"}
{"level":"error","message":"Error in video search: Cannot read properties of undefined (reading 'map')","timestamp":"2024-11-03T18:10:21.171Z"}
{"level":"error","message":"Error in video search: Cannot read properties of undefined (reading 'map')","timestamp":"2024-11-03T18:10:21.403Z"}
{"level":"error","message":"Error in video search: Cannot read properties of undefined (reading 'map')","timestamp":"2024-11-03T18:10:21.603Z"}
{"level":"error","message":"Error in video search: Cannot read properties of undefined (reading 'map')","timestamp":"2024-11-03T18:10:21.786Z"}
{"level":"error","message":"Error in video search: Cannot read properties of undefined (reading 'map')","timestamp":"2024-11-03T18:10:22.010Z"}
{"level":"error","message":"Error in video search: Cannot read properties of undefined (reading 'map')","timestamp":"2024-11-03T18:10:22.226Z"}
{"level":"error","message":"Error in video search: Cannot read properties of undefined (reading 'map')","timestamp":"2024-11-03T18:10:22.427Z"}
{"level":"error","message":"Error in video search: Cannot read properties of undefined (reading 'map')","timestamp":"2024-11-03T18:10:22.610Z"}
{"level":"error","message":"Error in video search: Cannot read properties of undefined (reading 'map')","timestamp":"2024-11-03T18:10:22.817Z"}
{"level":"error","message":"Error in video search: Cannot read properties of undefined (reading 'map')","timestamp":"2024-11-03T18:10:23.041Z"}
{"level":"error","message":"Error in video search: Cannot read properties of undefined (reading 'map')","timestamp":"2024-11-03T18:10:23.260Z"}
{"level":"error","message":"Error in video search: Cannot read properties of undefined (reading 'map')","timestamp":"2024-11-03T18:10:23.516Z"}
{"level":"error","message":"Error in video search: Cannot read properties of undefined (reading 'map')","timestamp":"2024-11-03T18:10:23.706Z"}
{"level":"error","message":"Error in video search: Cannot read properties of undefined (reading 'map')","timestamp":"2024-11-03T18:10:23.881Z"}
{"level":"error","message":"Error in video search: Cannot read properties of undefined (reading 'map')","timestamp":"2024-11-03T18:10:39.461Z"}
{"level":"error","message":"Error in video search: Cannot read properties of undefined (reading 'map')","timestamp":"2024-11-03T18:10:39.949Z"}
{"level":"error","message":"Error in video search: Cannot read properties of undefined (reading 'map')","timestamp":"2024-11-03T18:10:40.404Z"}
{"level":"error","message":"Error in video search: Cannot read properties of undefined (reading 'map')","timestamp":"2024-11-03T18:10:40.692Z"}
{"level":"error","message":"Error in video search: Cannot read properties of undefined (reading 'map')","timestamp":"2024-11-03T18:10:40.946Z"}
{"level":"error","message":"Error in video search: Cannot read properties of undefined (reading 'map')","timestamp":"2024-11-03T18:10:41.138Z"}
{"level":"error","message":"Error in video search: Cannot read properties of undefined (reading 'map')","timestamp":"2024-11-03T18:10:41.374Z"}
{"level":"error","message":"Error in video search: Cannot read properties of undefined (reading 'map')","timestamp":"2024-11-03T18:10:41.579Z"}
{"level":"error","message":"Error in video search: Cannot read properties of undefined (reading 'map')","timestamp":"2024-11-03T18:10:42.203Z"}
{"level":"error","message":"Error in video search: Cannot read properties of undefined (reading 'map')","timestamp":"2024-11-03T18:10:43.461Z"}
{"level":"error","message":"Error in video search: Cannot read properties of undefined (reading 'map')","timestamp":"2024-11-03T18:12:28.302Z"}
{"level":"error","message":"Error in video search: Cannot read properties of undefined (reading 'map')","timestamp":"2024-11-03T18:12:28.752Z"}
{"level":"error","message":"Error in video search: Cannot read properties of undefined (reading 'map')","timestamp":"2024-11-03T18:12:28.950Z"}
{"level":"error","message":"Error in video search: Cannot read properties of undefined (reading 'map')","timestamp":"2024-11-03T18:12:29.113Z"}
{"level":"error","message":"Failed to handle message: SqliteError: no such table: chats","timestamp":"2024-11-03T18:12:58.162Z"}
{"level":"error","message":"Unhandled Rejection at: [object Promise], reason: SqliteError: no such table: messages","timestamp":"2024-11-03T18:13:00.849Z"}
{"level":"error","message":"Error in video search: Cannot read properties of undefined (reading 'map')","timestamp":"2024-11-03T18:13:03.150Z"}
{"level":"error","message":"Error in image search: Cannot read properties of undefined (reading 'map')","timestamp":"2024-11-03T18:13:04.763Z"}
{"level":"error","message":"Failed to handle message: SqliteError: no such table: chats","timestamp":"2024-11-03T18:32:25.874Z"}
{"level":"error","message":"Unhandled Rejection at: [object Promise], reason: SqliteError: no such table: messages","timestamp":"2024-11-03T18:32:35.204Z"}
{"level":"error","message":"Error in generating suggestions: Cannot read properties of undefined (reading 'map')","timestamp":"2024-11-03T18:32:35.237Z"}
{"level":"error","message":"Error in image search: Cannot read properties of undefined (reading 'map')","timestamp":"2024-11-03T18:32:40.474Z"}
{"level":"error","message":"Error in video search: Cannot read properties of undefined (reading 'map')","timestamp":"2024-11-03T18:32:41.266Z"}
{"level":"error","message":"Failed to handle message: SqliteError: no such table: chats","timestamp":"2024-11-03T18:35:24.196Z"}
{"level":"error","message":"Unhandled Rejection at: [object Promise], reason: SqliteError: no such table: messages","timestamp":"2024-11-03T18:35:29.072Z"}
{"level":"error","message":"Error in generating suggestions: Cannot read properties of undefined (reading 'map')","timestamp":"2024-11-03T18:35:29.095Z"}
{"level":"error","message":"Error in video search: Cannot read properties of undefined (reading 'map')","timestamp":"2024-11-03T18:35:38.118Z"}
{"level":"error","message":"Error in image search: Cannot read properties of undefined (reading 'map')","timestamp":"2024-11-03T18:35:43.089Z"}
{"level":"info","message":"WebSocket server started on port 3001","timestamp":"2024-11-03T20:09:38.398Z"}
{"level":"error","message":"Uncaught Exception at uncaughtException: Error: listen EADDRINUSE: address already in use :::3001","timestamp":"2024-11-03T20:09:38.403Z"}
{"level":"info","message":"WebSocket server started on port 3001","timestamp":"2024-11-03T20:10:42.299Z"}
{"level":"info","message":"Server is running on port 3001","timestamp":"2024-11-03T20:10:42.302Z"}
{"level":"error","message":"Failed to handle message: SqliteError: no such table: chats","timestamp":"2024-11-03T20:12:02.004Z"}
{"level":"error","message":"Unhandled Rejection at: [object Promise], reason: SqliteError: no such table: messages","timestamp":"2024-11-03T20:12:04.200Z"}
{"level":"error","message":"Failed to handle message: SqliteError: no such table: chats","timestamp":"2024-11-03T20:13:05.412Z"}
{"level":"error","message":"Unhandled Rejection at: [object Promise], reason: SqliteError: no such table: messages","timestamp":"2024-11-03T20:13:12.710Z"}
{"level":"error","message":"Error in generating suggestions: Cannot read properties of undefined (reading 'map')","timestamp":"2024-11-03T20:13:12.773Z"}
{"level":"error","message":"Failed to handle message: SqliteError: no such table: chats","timestamp":"2024-11-03T20:14:38.986Z"}
{"level":"error","message":"Unhandled Rejection at: [object Promise], reason: SqliteError: no such table: messages","timestamp":"2024-11-03T20:14:41.710Z"}
{"level":"error","message":"Failed to handle message: SqliteError: no such table: chats","timestamp":"2024-11-03T20:14:56.994Z"}
{"level":"error","message":"Unhandled Rejection at: [object Promise], reason: SqliteError: no such table: messages","timestamp":"2024-11-03T20:15:03.469Z"}
{"level":"error","message":"Error in generating suggestions: Cannot read properties of undefined (reading 'map')","timestamp":"2024-11-03T20:15:03.508Z"}
{"level":"error","message":"Error in video search: Cannot read properties of undefined (reading 'map')","timestamp":"2024-11-03T20:15:12.812Z"}
{"level":"error","message":"Failed to handle message: SqliteError: no such table: chats","timestamp":"2024-11-03T20:16:42.285Z"}
{"level":"error","message":"Unhandled Rejection at: [object Promise], reason: SqliteError: no such table: messages","timestamp":"2024-11-03T20:16:50.185Z"}
{"level":"error","message":"Error in generating suggestions: Cannot read properties of undefined (reading 'map')","timestamp":"2024-11-03T20:16:50.217Z"}
{"level":"error","message":"Failed to handle message: SqliteError: no such table: chats","timestamp":"2024-11-03T20:16:59.898Z"}
{"level":"error","message":"Unhandled Rejection at: [object Promise], reason: SqliteError: no such table: messages","timestamp":"2024-11-03T20:17:33.091Z"}
{"level":"error","message":"Error in generating suggestions: Cannot read properties of undefined (reading 'map')","timestamp":"2024-11-03T20:17:33.196Z"}
{"level":"info","message":"WebSocket server started on port 3001","timestamp":"2024-11-03T20:19:58.625Z"}
{"level":"info","message":"Server is running on port 3001","timestamp":"2024-11-03T20:19:58.631Z"}
{"level":"info","message":"WebSocket server started on port 3001","timestamp":"2024-11-03T20:20:29.012Z"}
{"level":"info","message":"Server is running on port 3001","timestamp":"2024-11-03T20:20:29.017Z"}
{"level":"error","message":"Failed to handle message: SqliteError: no such table: chats","timestamp":"2024-11-03T20:21:04.091Z"}
{"level":"error","message":"Unhandled Rejection at: [object Promise], reason: SqliteError: no such table: messages","timestamp":"2024-11-03T20:21:10.182Z"}
{"level":"error","message":"Error in generating suggestions: Cannot read properties of undefined (reading 'map')","timestamp":"2024-11-03T20:21:10.257Z"}
{"level":"error","message":"Error in video search: Cannot read properties of undefined (reading 'map')","timestamp":"2024-11-03T20:21:14.834Z"}
{"level":"error","message":"Error in video search: Cannot read properties of undefined (reading 'map')","timestamp":"2024-11-03T20:22:41.254Z"}
{"level":"error","message":"Error in video search: Cannot read properties of undefined (reading 'map')","timestamp":"2024-11-03T20:22:51.726Z"}
{"level":"info","message":"WebSocket server started on port 3001","timestamp":"2024-11-03T20:35:35.806Z"}
{"level":"info","message":"Server is running on port 3001","timestamp":"2024-11-03T20:35:35.809Z"}
{"level":"info","message":"WebSocket server started on port 3001","timestamp":"2024-11-03T20:38:26.020Z"}
{"level":"info","message":"Server is running on port 3001","timestamp":"2024-11-03T20:38:26.023Z"}
{"level":"info","message":"WebSocket server started on port 3001","timestamp":"2024-11-03T20:39:38.265Z"}
{"level":"info","message":"Server is running on port 3001","timestamp":"2024-11-03T20:39:38.269Z"}
{"level":"info","message":"WebSocket server started on port 3001","timestamp":"2024-11-03T20:40:10.766Z"}
{"level":"info","message":"Server is running on port 3001","timestamp":"2024-11-03T20:40:10.770Z"}
{"level":"error","message":"Failed to handle message: SqliteError: no such table: chats","timestamp":"2024-11-03T20:40:35.327Z"}
{"level":"error","message":"Unhandled Rejection at: [object Promise], reason: SqliteError: no such table: messages","timestamp":"2024-11-03T20:40:43.801Z"}
{"level":"error","message":"Error in generating suggestions: Cannot read properties of undefined (reading 'map')","timestamp":"2024-11-03T20:40:43.873Z"}
{"level":"info","message":"WebSocket server started on port 3001","timestamp":"2024-11-03T20:41:11.529Z"}
{"level":"info","message":"Server is running on port 3001","timestamp":"2024-11-03T20:41:11.531Z"}
{"level":"info","message":"WebSocket server started on port 3001","timestamp":"2024-11-03T20:41:23.064Z"}
{"level":"info","message":"Server is running on port 3001","timestamp":"2024-11-03T20:41:23.067Z"}
{"level":"info","message":"WebSocket server started on port 3001","timestamp":"2024-11-03T20:43:06.087Z"}
{"level":"info","message":"Server is running on port 3001","timestamp":"2024-11-03T20:43:06.090Z"}
{"level":"error","message":"Failed to handle message: SqliteError: no such table: chats","timestamp":"2024-11-03T20:44:30.118Z"}
{"level":"error","message":"Unhandled Rejection at: [object Promise], reason: SqliteError: no such table: messages","timestamp":"2024-11-03T20:44:31.703Z"}
{"level":"error","message":"Failed to handle message: SqliteError: no such table: chats","timestamp":"2024-11-03T21:28:04.694Z"}
{"level":"error","message":"Unhandled Rejection at: [object Promise], reason: SqliteError: no such table: messages","timestamp":"2024-11-03T21:28:12.100Z"}
{"level":"error","message":"Failed to handle message: SqliteError: no such table: chats","timestamp":"2024-11-03T21:41:22.767Z"}
{"level":"error","message":"Unhandled Rejection at: [object Promise], reason: SqliteError: no such table: messages","timestamp":"2024-11-03T21:41:31.090Z"}
{"level":"error","message":"Failed to handle message: SqliteError: no such table: chats","timestamp":"2024-11-03T21:42:07.636Z"}
{"level":"error","message":"Unhandled Rejection at: [object Promise], reason: SqliteError: no such table: messages","timestamp":"2024-11-03T21:42:13.470Z"}
{"level":"error","message":"Failed to handle message: SqliteError: no such table: chats","timestamp":"2024-11-03T21:44:07.409Z"}
{"level":"error","message":"Unhandled Rejection at: [object Promise], reason: SqliteError: no such table: messages","timestamp":"2024-11-03T21:44:14.055Z"}
{"level":"error","message":"Error in getting chats: no such table: chats","timestamp":"2024-11-03T21:45:35.065Z"}
{"level":"error","message":"Error in getting chats: no such table: chats","timestamp":"2024-11-03T21:45:35.069Z"}
{"level":"error","message":"Failed to handle message: SqliteError: no such table: chats","timestamp":"2024-11-03T21:59:05.635Z"}
{"level":"error","message":"Unhandled Rejection at: [object Promise], reason: SqliteError: no such table: messages","timestamp":"2024-11-03T21:59:14.650Z"}
{"level":"error","message":"Failed to handle message: SqliteError: no such table: chats","timestamp":"2024-11-03T22:00:06.357Z"}
{"level":"error","message":"Unhandled Rejection at: [object Promise], reason: SqliteError: no such table: messages","timestamp":"2024-11-03T22:00:12.842Z"}
{"level":"error","message":"Failed to handle message: SqliteError: no such table: chats","timestamp":"2024-11-03T22:01:02.013Z"}
{"level":"error","message":"Unhandled Rejection at: [object Promise], reason: SqliteError: no such table: messages","timestamp":"2024-11-03T22:01:07.191Z"}
{"level":"error","message":"Failed to handle message: SqliteError: no such table: chats","timestamp":"2024-11-03T22:01:41.882Z"}
{"level":"error","message":"Unhandled Rejection at: [object Promise], reason: SqliteError: no such table: messages","timestamp":"2024-11-03T22:01:48.963Z"}
{"level":"error","message":"Failed to handle message: SqliteError: no such table: chats","timestamp":"2024-11-03T22:05:43.956Z"}
{"level":"error","message":"Unhandled Rejection at: [object Promise], reason: SqliteError: no such table: messages","timestamp":"2024-11-03T22:05:50.757Z"}
{"level":"error","message":"Failed to handle message: SqliteError: no such table: chats","timestamp":"2024-11-03T22:08:55.692Z"}
{"level":"error","message":"Unhandled Rejection at: [object Promise], reason: SqliteError: no such table: messages","timestamp":"2024-11-03T22:09:02.623Z"}
{"level":"error","message":"Failed to handle message: SqliteError: no such table: chats","timestamp":"2024-11-03T22:24:01.358Z"}
{"level":"error","message":"Unhandled Rejection at: [object Promise], reason: SqliteError: no such table: messages","timestamp":"2024-11-03T22:24:08.022Z"}
{"level":"error","message":"Failed to handle message: SqliteError: no such table: chats","timestamp":"2024-11-03T22:24:39.336Z"}
{"level":"error","message":"Unhandled Rejection at: [object Promise], reason: SqliteError: no such table: messages","timestamp":"2024-11-03T22:24:44.761Z"}
{"level":"info","message":"WebSocket server started on port 3001","timestamp":"2024-11-03T22:28:49.001Z"}
{"level":"info","message":"Server is running on port 3001","timestamp":"2024-11-03T22:28:49.004Z"}
{"level":"error","message":"Failed to handle message: SqliteError: no such table: chats","timestamp":"2024-11-03T22:29:12.433Z"}
{"level":"error","message":"Unhandled Rejection at: [object Promise], reason: SqliteError: no such table: messages","timestamp":"2024-11-03T22:29:19.963Z"}
{"level":"error","message":"Failed to handle message: SqliteError: no such table: chats","timestamp":"2024-11-03T22:29:27.606Z"}
{"level":"error","message":"Unhandled Rejection at: [object Promise], reason: SqliteError: no such table: messages","timestamp":"2024-11-03T22:29:33.155Z"}
{"level":"error","message":"Failed to handle message: SqliteError: no such table: chats","timestamp":"2024-11-03T22:59:49.271Z"}
{"level":"error","message":"Unhandled Rejection at: [object Promise], reason: SqliteError: no such table: messages","timestamp":"2024-11-03T22:59:55.571Z"}
{"level":"info","message":"WebSocket server started on port 3001","timestamp":"2024-11-03T23:01:23.415Z"}
{"level":"info","message":"Server is running on port 3001","timestamp":"2024-11-03T23:01:23.419Z"}
{"level":"error","message":"Failed to handle message: SqliteError: no such table: chats","timestamp":"2024-11-03T23:01:40.451Z"}
{"level":"error","message":"Unhandled Rejection at: [object Promise], reason: SqliteError: no such table: messages","timestamp":"2024-11-03T23:01:47.404Z"}
{"level":"error","message":"Error in generating suggestions: Cannot read properties of undefined (reading 'map')","timestamp":"2024-11-03T23:01:47.459Z"}
{"level":"info","message":"WebSocket server started on port 3001","timestamp":"2024-11-03T23:02:17.943Z"}
{"level":"info","message":"Server is running on port 3001","timestamp":"2024-11-03T23:02:17.945Z"}
{"level":"info","message":"WebSocket server started on port 3001","timestamp":"2024-11-03T23:03:26.981Z"}
{"level":"info","message":"Server is running on port 3001","timestamp":"2024-11-03T23:03:26.984Z"}
{"level":"info","message":"WebSocket server started on port 3001","timestamp":"2024-11-03T23:03:36.584Z"}
{"level":"info","message":"Server is running on port 3001","timestamp":"2024-11-03T23:03:36.588Z"}
{"level":"info","message":"WebSocket server started on port 3001","timestamp":"2024-11-03T23:03:58.587Z"}
{"level":"info","message":"Server is running on port 3001","timestamp":"2024-11-03T23:03:58.589Z"}
{"level":"info","message":"WebSocket server started on port 3001","timestamp":"2024-11-03T23:04:44.489Z"}
{"level":"info","message":"Server is running on port 3001","timestamp":"2024-11-03T23:04:44.491Z"}
{"level":"info","message":"WebSocket server started on port 3001","timestamp":"2024-11-03T23:05:11.317Z"}
{"level":"info","message":"Server is running on port 3001","timestamp":"2024-11-03T23:05:11.319Z"}
{"level":"info","message":"WebSocket server started on port 3001","timestamp":"2024-11-03T23:05:36.334Z"}
{"level":"info","message":"Server is running on port 3001","timestamp":"2024-11-03T23:05:36.340Z"}
{"level":"error","message":"Failed to handle message: SqliteError: no such table: chats","timestamp":"2024-11-03T23:06:04.750Z"}
{"level":"error","message":"Unhandled Rejection at: [object Promise], reason: SqliteError: no such table: messages","timestamp":"2024-11-03T23:06:10.201Z"}
{"level":"info","message":"WebSocket server started on port 3001","timestamp":"2024-11-03T23:06:38.952Z"}
{"level":"info","message":"Server is running on port 3001","timestamp":"2024-11-03T23:06:38.955Z"}
{"level":"error","message":"Failed to handle message: SqliteError: no such table: chats","timestamp":"2024-11-03T23:07:41.887Z"}
{"level":"error","message":"Unhandled Rejection at: [object Promise], reason: SqliteError: no such table: messages","timestamp":"2024-11-03T23:07:47.187Z"}
{"level":"info","message":"WebSocket server started on port 3001","timestamp":"2024-11-03T23:11:16.631Z"}
{"level":"info","message":"Server is running on port 3001","timestamp":"2024-11-03T23:11:16.633Z"}
{"level":"info","message":"WebSocket server started on port 3001","timestamp":"2024-11-03T23:11:36.002Z"}
{"level":"info","message":"Server is running on port 3001","timestamp":"2024-11-03T23:11:36.005Z"}
{"level":"error","message":"Failed to handle message: SqliteError: no such table: chats","timestamp":"2024-11-03T23:12:44.334Z"}
{"level":"error","message":"Unhandled Rejection at: [object Promise], reason: SqliteError: no such table: messages","timestamp":"2024-11-03T23:12:51.113Z"}
{"level":"error","message":"Failed to handle message: SqliteError: no such table: chats","timestamp":"2024-11-03T23:13:16.853Z"}
{"level":"error","message":"Unhandled Rejection at: [object Promise], reason: SqliteError: no such table: messages","timestamp":"2024-11-03T23:13:24.618Z"}
{"level":"info","message":"WebSocket server started on port 3001","timestamp":"2024-11-04T00:12:05.415Z"}
{"level":"info","message":"Server is running on port 3001","timestamp":"2024-11-04T00:12:05.419Z"}
{"level":"error","message":"Failed to handle message: SqliteError: no such table: chats","timestamp":"2024-11-04T06:37:36.455Z"}
{"level":"error","message":"Unhandled Rejection at: [object Promise], reason: SqliteError: no such table: messages","timestamp":"2024-11-04T06:37:49.139Z"}
{"level":"error","message":"Failed to handle message: SqliteError: no such table: chats","timestamp":"2024-11-04T06:38:31.617Z"}
{"level":"error","message":"Unhandled Rejection at: [object Promise], reason: SqliteError: no such table: messages","timestamp":"2024-11-04T06:38:38.365Z"}
{"level":"error","message":"Failed to handle message: SqliteError: no such table: chats","timestamp":"2024-11-04T06:41:14.029Z"}
{"level":"error","message":"Unhandled Rejection at: [object Promise], reason: SqliteError: no such table: messages","timestamp":"2024-11-04T06:41:21.889Z"}
{"level":"error","message":"Failed to handle message: SqliteError: no such table: chats","timestamp":"2024-11-04T06:56:43.317Z"}
{"level":"error","message":"Unhandled Rejection at: [object Promise], reason: SqliteError: no such table: messages","timestamp":"2024-11-04T06:56:51.701Z"}
{"level":"error","message":"Failed to handle message: SqliteError: no such table: chats","timestamp":"2024-11-04T06:59:06.965Z"}
{"level":"error","message":"Unhandled Rejection at: [object Promise], reason: SqliteError: no such table: messages","timestamp":"2024-11-04T07:00:14.603Z"}
{"level":"info","message":"WebSocket server started on port 3001","timestamp":"2024-11-04T08:14:42.090Z"}
{"level":"info","message":"Server is running on port 3001","timestamp":"2024-11-04T08:14:42.094Z"}
{"level":"info","message":"WebSocket server started on port 3001","timestamp":"2024-11-04T08:14:59.889Z"}
{"level":"info","message":"Server is running on port 3001","timestamp":"2024-11-04T08:14:59.894Z"}
{"level":"error","message":"Failed to handle message: SqliteError: no such table: chats","timestamp":"2024-11-04T08:15:59.849Z"}
{"level":"error","message":"Unhandled Rejection at: [object Promise], reason: SqliteError: no such table: messages","timestamp":"2024-11-04T08:16:09.802Z"}
{"level":"info","message":"WebSocket server started on port 3001","timestamp":"2024-11-04T08:21:11.069Z"}
{"level":"info","message":"Server is running on port 3001","timestamp":"2024-11-04T08:21:11.072Z"}
{"level":"error","message":"Failed to handle message: SqliteError: no such table: chats","timestamp":"2024-11-04T08:21:35.984Z"}
{"level":"error","message":"Unhandled Rejection at: [object Promise], reason: SqliteError: no such table: messages","timestamp":"2024-11-04T08:21:42.781Z"}
{"level":"error","message":"Error in generating suggestions: Cannot read properties of undefined (reading 'map')","timestamp":"2024-11-04T08:21:42.871Z"}
{"level":"info","message":"WebSocket server started on port 3001","timestamp":"2024-11-04T08:31:18.948Z"}
{"level":"info","message":"Server is running on port 3001","timestamp":"2024-11-04T08:31:18.954Z"}
{"level":"error","message":"Failed to handle message: SqliteError: no such table: chats","timestamp":"2024-11-04T08:31:49.832Z"}
{"level":"error","message":"Unhandled Rejection at: [object Promise], reason: SqliteError: no such table: messages","timestamp":"2024-11-04T08:31:59.814Z"}
{"level":"info","message":"WebSocket server started on port 3001","timestamp":"2024-11-04T08:34:46.399Z"}
{"level":"info","message":"Server is running on port 3001","timestamp":"2024-11-04T08:34:46.403Z"}
{"level":"error","message":"Failed to handle message: SqliteError: no such table: chats","timestamp":"2024-11-04T08:35:05.541Z"}
{"level":"error","message":"Unhandled Rejection at: [object Promise], reason: SqliteError: no such table: messages","timestamp":"2024-11-04T08:35:14.307Z"}
{"level":"info","message":"WebSocket server started on port 3001","timestamp":"2024-11-04T08:35:56.670Z"}
{"level":"info","message":"Server is running on port 3001","timestamp":"2024-11-04T08:35:56.673Z"}
{"level":"error","message":"Failed to handle message: SqliteError: no such table: chats","timestamp":"2024-11-04T08:36:12.911Z"}
{"level":"error","message":"Unhandled Rejection at: [object Promise], reason: SqliteError: no such table: messages","timestamp":"2024-11-04T08:36:21.700Z"}
{"level":"info","message":"WebSocket server started on port 3001","timestamp":"2024-11-04T10:16:37.976Z"}
{"level":"info","message":"Server is running on port 3001","timestamp":"2024-11-04T10:16:37.978Z"}
{"level":"info","message":"WebSocket server started on port 3001","timestamp":"2024-11-04T10:16:51.980Z"}
{"level":"info","message":"Server is running on port 3001","timestamp":"2024-11-04T10:16:51.984Z"}
{"level":"info","message":"WebSocket server started on port 3001","timestamp":"2024-11-04T15:53:45.330Z"}
{"level":"info","message":"Server is running on port 3001","timestamp":"2024-11-04T15:53:45.333Z"}
{"level":"error","message":"Failed to handle message: SqliteError: no such table: chats","timestamp":"2024-11-04T15:57:10.176Z"}
{"level":"error","message":"Unhandled Rejection at: [object Promise], reason: SqliteError: no such table: messages","timestamp":"2024-11-04T15:57:11.810Z"}
{"level":"error","message":"Error in image search: ","timestamp":"2024-11-04T15:57:12.061Z"}
{"level":"error","message":"Error in image search: ","timestamp":"2024-11-04T15:57:12.068Z"}
{"level":"error","message":"Error in video search: ","timestamp":"2024-11-04T15:57:20.858Z"}
{"level":"error","message":"Error in getting chats: no such table: chats","timestamp":"2024-11-04T15:57:53.019Z"}
{"level":"error","message":"Error in getting chats: no such table: chats","timestamp":"2024-11-04T15:57:53.033Z"}
{"level":"error","message":"Failed to handle message: SqliteError: no such table: chats","timestamp":"2024-11-04T15:58:10.549Z"}
{"level":"error","message":"Unhandled Rejection at: [object Promise], reason: AggregateError","timestamp":"2024-11-04T15:58:11.294Z"}
{"level":"error","message":"Error in image search: ","timestamp":"2024-11-04T15:58:12.137Z"}
{"level":"error","message":"Error in image search: ","timestamp":"2024-11-04T15:58:12.204Z"}
{"level":"error","message":"Failed to handle message: SqliteError: no such table: chats","timestamp":"2024-11-04T15:59:07.565Z"}
{"level":"error","message":"Unhandled Rejection at: [object Promise], reason: SqliteError: no such table: messages","timestamp":"2024-11-04T15:59:09.068Z"}
{"level":"error","message":"Failed to handle message: SqliteError: no such table: chats","timestamp":"2024-11-04T15:59:33.541Z"}
{"level":"error","message":"Unhandled Rejection at: [object Promise], reason: SqliteError: no such table: messages","timestamp":"2024-11-04T15:59:39.204Z"}
{"level":"error","message":"Failed to handle message: SqliteError: no such table: chats","timestamp":"2024-11-04T15:59:57.828Z"}
{"level":"error","message":"Unhandled Rejection at: [object Promise], reason: SqliteError: no such table: messages","timestamp":"2024-11-04T16:00:04.617Z"}
{"level":"error","message":"Error in deleting chat: SqliteError: no such table: chats","timestamp":"2024-11-04T16:05:21.720Z"}
{"level":"error","message":"Failed to handle message: SqliteError: no such table: chats","timestamp":"2024-11-04T17:01:31.443Z"}
{"level":"error","message":"Unhandled Rejection at: [object Promise], reason: SqliteError: no such table: messages","timestamp":"2024-11-04T17:01:36.661Z"}
{"level":"error","message":"Failed to handle message: SqliteError: no such table: chats","timestamp":"2024-11-04T17:04:51.803Z"}
{"level":"error","message":"Unhandled Rejection at: [object Promise], reason: SqliteError: no such table: messages","timestamp":"2024-11-04T17:04:53.473Z"}
{"level":"error","message":"Failed to handle message: SqliteError: no such table: chats","timestamp":"2024-11-04T18:32:59.564Z"}
{"level":"error","message":"Unhandled Rejection at: [object Promise], reason: SqliteError: no such table: messages","timestamp":"2024-11-04T18:33:01.278Z"}
{"level":"info","message":"WebSocket server started on port 3001","timestamp":"2024-11-04T18:34:31.245Z"}
{"level":"info","message":"Server is running on port 3001","timestamp":"2024-11-04T18:34:31.250Z"}
{"level":"error","message":"Failed to handle message: SqliteError: no such table: chats","timestamp":"2024-11-04T18:34:50.321Z"}
{"level":"error","message":"Unhandled Rejection at: [object Promise], reason: SqliteError: no such table: messages","timestamp":"2024-11-04T18:34:59.310Z"}
{"level":"error","message":"Failed to handle message: SqliteError: no such table: chats","timestamp":"2024-11-04T18:39:15.886Z"}
{"level":"error","message":"Unhandled Rejection at: [object Promise], reason: SqliteError: no such table: messages","timestamp":"2024-11-04T18:39:21.938Z"}
